0 info it worked if it ends with ok
1 verbose cli [ '/usr/local/bin/node', '/usr/local/bin/npm', 'start' ]
2 info using npm@3.8.5
3 info using node@v5.2.0
4 verbose run-script [ 'prestart', 'start', 'poststart' ]
5 info lifecycle mean@~prestart: mean@
6 silly lifecycle mean@~prestart: no script for prestart, continuing
7 info lifecycle mean@~start: mean@
8 verbose lifecycle mean@~start: unsafe-perm in lifecycle true
9 verbose lifecycle mean@~start: PATH: /usr/local/lib/node_modules/npm/bin/node-gyp-bin:/home/ankit3/projects/nodejs-api/node_modules/.bin:/usr/local/bin:/home/ankit3/.rbenv/plugins/ruby-build/bin:/home/ankit3/.rbenv/shims:/home/ankit3/.rbenv/bin:/usr/local/sbin:/usr/local/bin:/usr/sbin:/usr/bin:/sbin:/bin:/usr/games:/usr/local/games
10 verbose lifecycle mean@~start: CWD: /home/ankit3/projects/nodejs-api
11 silly lifecycle mean@~start: Args: [ '-c', 'node --use_strict start.js' ]
12 silly lifecycle mean@~start: Returned: code: 1  signal: null
13 info lifecycle mean@~start: Failed to exec start script
14 verbose stack Error: mean@ start: `node --use_strict start.js`
14 verbose stack Exit status 1
14 verbose stack     at EventEmitter.<anonymous> (/usr/local/lib/node_modules/npm/lib/utils/lifecycle.js:239:16)
14 verbose stack     at emitTwo (events.js:88:13)
14 verbose stack     at EventEmitter.emit (events.js:173:7)
14 verbose stack     at ChildProcess.<anonymous> (/usr/local/lib/node_modules/npm/lib/utils/spawn.js:24:14)
14 verbose stack     at emitTwo (events.js:88:13)
14 verbose stack     at ChildProcess.emit (events.js:173:7)
14 verbose stack     at maybeClose (internal/child_process.js:819:16)
14 verbose stack     at Process.ChildProcess._handle.onexit (internal/child_process.js:212:5)
15 verbose pkgid mean@
16 verbose cwd /home/ankit3/projects/nodejs-api
17 error Linux 4.5.5-040505-generic
18 error argv "/usr/local/bin/node" "/usr/local/bin/npm" "start"
19 error node v5.2.0
20 error npm  v3.8.5
21 error code ELIFECYCLE
22 error mean@ start: `node --use_strict start.js`
22 error Exit status 1
23 error Failed at the mean@ start script 'node --use_strict start.js'.
23 error Make sure you have the latest version of node.js and npm installed.
23 error If you do, this is most likely a problem with the mean package,
23 error not with npm itself.
23 error Tell the author that this fails on your system:
23 error     node --use_strict start.js
23 error You can get information on how to open an issue for this project with:
23 error     npm bugs mean
23 error Or if that isn't available, you can get their info via:
23 error     npm owner ls mean
23 error There is likely additional logging output above.
24 verbose exit [ 1, true ]
